#
# A fatal error has been detected by the Java Runtime Environment:
#
#  EXCEPTION_ACCESS_VIOLATION (0xc0000005) at pc=0x52da47de, pid=4220, tid=424
#
# JRE version: Java(TM) SE Runtime Environment (7.0_76-b13) (build 1.7.0_76-b13)
# Java VM: Java HotSpot(TM) Client VM (24.76-b04 mixed mode, sharing windows-x86 )
# Problematic frame:
# V  [jvm.dll+0x347de]
#
# Failed to write core dump. Minidumps are not enabled by default on client versions of Windows
#
# If you would like to submit a bug report, please visit:
#   http://bugreport.java.com/bugreport/crash.jsp
#

---------------  T H R E A D  ---------------

Current thread (0x01715800):  JavaThread "Finalizer" daemon [_thread_in_vm, id=424, stack(0x039c0000,0x03a10000)]

siginfo: ExceptionCode=0xc0000005, reading address 0x00000032

Registers:
EAX=0x00000000, EBX=0x00000000, ECX=0x00000000, EDX=0x00000032
ESP=0x03a0fb50, EBP=0x03a0fb50, ESI=0x01715800, EDI=0x01715800
EIP=0x52da47de, EFLAGS=0x00010246

Top of Stack: (sp=0x03a0fb50)
0x03a0fb50:   03a0fb90 52ed367f 00000000 00000000
0x03a0fb60:   01716b50 00239698 00000000 00000000
0x03a0fb70:   01716b50 03a0fb8c 52eb4176 00000000
0x03a0fb80:   52eb2e26 00000000 01715800 03a0fbc8
0x03a0fb90:   03a0fbc8 52ed4147 01715800 00000000
0x03a0fba0:   03a0fb00 089a65c5 00000000 00000000
0x03a0fbb0:   00000000 00000000 770e1522 776c87cc
0x03a0fbc0:   770e0000 00000002 03a0ff08 52f18d29 

Instructions: (pc=0x52da47de)
0x52da47be:   53 89 04 0a 5d c3 cc cc cc cc cc cc cc cc cc cc
0x52da47ce:   cc cc 55 8b ec 8b 4d 08 8b 15 50 9d 0a 53 33 c0
0x52da47de:   38 04 0a 0f 95 c0 5d c3 cc cc cc cc cc cc cc cc
0x52da47ee:   cc cc 55 8b ec 8b 45 08 8b 0d 50 9d 0a 53 c6 04 


Register to memory mapping:

EAX=0x00000000 is an unknown value
EBX=0x00000000 is an unknown value
ECX=0x00000000 is an unknown value
EDX=0x00000032 is an unknown value
ESP=0x03a0fb50 is pointing into the stack for thread: 0x01715800
EBP=0x03a0fb50 is pointing into the stack for thread: 0x01715800
ESI=0x01715800 is a thread
EDI=0x01715800 is a thread


Stack: [0x039c0000,0x03a10000],  sp=0x03a0fb50,  free space=318k
Native frames: (J=compiled Java code, j=interpreted, Vv=VM code, C=native code)
V  [jvm.dll+0x347de]
V  [jvm.dll+0x16367f]
V  [jvm.dll+0x164147]
V  [jvm.dll+0x1a8d29]
C  [msvcr100.dll+0x5c556]
C  [msvcr100.dll+0x5c600]
C  [kernel32.dll+0x4ef6c]
C  [ntdll.dll+0x63618]
C  [ntdll.dll+0x635eb]


---------------  P R O C E S S  ---------------

Java Threads: ( => current thread )
  0x01786400 JavaThread "Service Thread" daemon [_thread_blocked, id=2752, stack(0x03ec0000,0x03f10000)]
  0x01781400 JavaThread "C1 CompilerThread0" daemon [_thread_blocked, id=5472, stack(0x03e50000,0x03ea0000)]
  0x01780400 JavaThread "Attach Listener" daemon [_thread_blocked, id=4848, stack(0x03c90000,0x03ce0000)]
  0x0177d000 JavaThread "Signal Dispatcher" daemon [_thread_blocked, id=5012, stack(0x03dd0000,0x03e20000)]
=>0x01715800 JavaThread "Finalizer" daemon [_thread_in_vm, id=424, stack(0x039c0000,0x03a10000)]
  0x01710800 JavaThread "Reference Handler" daemon [_thread_blocked, id=5572, stack(0x03a90000,0x03ae0000)]
  0x0023c000 JavaThread "main" [_thread_in_native, id=1240, stack(0x012f0000,0x01340000)]

Other Threads:
  0x0170f000 VMThread [stack: 0x03a30000,0x03a80000] [id=2360]
  0x0179a800 WatcherThread [stack: 0x03d40000,0x03d90000] [id=5764]

VM state:not at safepoint (normal execution)

VM Mutex/Monitor currently owned by a thread: None

Heap
 def new generation   total 4928K, used 273K [0x23a00000, 0x23f50000, 0x28f50000)
  eden space 4416K,   6% used [0x23a00000, 0x23a44468, 0x23e50000)
  from space 512K,   0% used [0x23e50000, 0x23e50000, 0x23ed0000)
  to   space 512K,   0% used [0x23ed0000, 0x23ed0000, 0x23f50000)
 tenured generation   total 10944K, used 0K [0x28f50000, 0x29a00000, 0x33a00000)
   the space 10944K,   0% used [0x28f50000, 0x28f50000, 0x28f50200, 0x29a00000)
 compacting perm gen  total 12288K, used 140K [0x33a00000, 0x34600000, 0x37a00000)
   the space 12288K,   1% used [0x33a00000, 0x33a23300, 0x33a23400, 0x34600000)
    ro space 10240K,  42% used [0x37a00000, 0x37e35ff0, 0x37e36000, 0x38400000)
    rw space 12288K,  51% used [0x38400000, 0x38a3bd30, 0x38a3be00, 0x39000000)

Card table byte_map: [0x03860000,0x03910000] byte_map_base: 0x03743000

Polling page: 0x00120000

Code Cache  [0x017e0000, 0x01878000, 0x037e0000)
 total_blobs=131 nmethods=3 adapters=66 free_code_cache=32189Kb largest_free_block=32961792

Compilation events (0 events):
No events

GC Heap History (0 events):
No events

Deoptimization events (0 events):
No events

Internal exceptions (0 events):
No events

Events (2 events):
Event: 0.013 Thread 0x0023c000 Thread added: 0x0023c000
Event: 0.018 Thread 0x01710800 Thread added: 0x01710800


Dynamic libraries:
0x01340000 - 0x0136f000 	C:\Program Files\Java\jre7\bin\javaw.exe
0x77670000 - 0x777b2000 	C:\Windows\SYSTEM32\ntdll.dll
0x767f0000 - 0x768c5000 	C:\Windows\system32\kernel32.dll
0x75970000 - 0x759bb000 	C:\Windows\system32\KERNELBASE.dll
0x76d20000 - 0x76dc1000 	C:\Windows\system32\ADVAPI32.dll
0x768e0000 - 0x7698c000 	C:\Windows\system32\msvcrt.dll
0x767b0000 - 0x767c9000 	C:\Windows\SYSTEM32\sechost.dll
0x75ab0000 - 0x75b52000 	C:\Windows\system32\RPCRT4.dll
0x77010000 - 0x770d9000 	C:\Windows\system32\USER32.dll
0x77620000 - 0x7766e000 	C:\Windows\system32\GDI32.dll
0x768d0000 - 0x768da000 	C:\Windows\system32\LPK.dll
0x76c40000 - 0x76cdd000 	C:\Windows\system32\USP10.dll
0x746d0000 - 0x7486e000 	C:\Windows\WinSxS\x86_microsoft.windows.common-controls_6595b64144ccf1df_6.0.7601.18837_none_41e855142bd5705d\COMCTL32.dll
0x76f20000 - 0x76f77000 	C:\Windows\system32\SHLWAPI.dll
0x767d0000 - 0x767ef000 	C:\Windows\system32\IMM32.DLL
0x76990000 - 0x76a5d000 	C:\Windows\system32\MSCTF.dll
0x603e0000 - 0x6049f000 	C:\Program Files\Java\jre7\bin\msvcr100.dll
0x52d70000 - 0x530f9000 	C:\Program Files\Java\jre7\bin\client\jvm.dll
0x6a2f0000 - 0x6a2f7000 	C:\Windows\system32\WSOCK32.dll
0x770e0000 - 0x77115000 	C:\Windows\system32\WS2_32.dll
0x76ac0000 - 0x76ac6000 	C:\Windows\system32\NSI.dll
0x6f3a0000 - 0x6f3d2000 	C:\Windows\system32\WINMM.dll
0x76dd0000 - 0x76dd5000 	C:\Windows\system32\PSAPI.DLL
0x6b1b0000 - 0x6b1bc000 	C:\Program Files\Java\jre7\bin\verify.dll
0x69f90000 - 0x69fb0000 	C:\Program Files\Java\jre7\bin\java.dll
0x68e40000 - 0x68e53000 	C:\Program Files\Java\jre7\bin\zip.dll
0x6e7f0000 - 0x6e8db000 	C:\Windows\system32\dbghelp.dll

VM Arguments:
jvm_args: -Dfile.encoding=Cp1252 
java_command: Pattrens.TestPattern3
Launcher Type: SUN_STANDARD

Environment Variables:
JAVA_HOME=C:\Program Files (x86)\Java\jdk1.7.0_76
PATH=C:/Program Files/Java/jdk1.7.0_76/bin/../jre/bin/client;C:/Program Files/Java/jdk1.7.0_76/bin/../jre/bin;C:/Program Files/Java/jdk1.7.0_76/bin/../jre/lib/i386;C:\Program Files\Java\jdk1.7.0_76\bin;C:\Program Files\dotnet\;C:\Program Files\Microsoft SQL Server\120\Tools\Binn\;C:\Program Files\Microsoft SQL Server\Client SDK\ODBC\170\Tools\Binn\
USERNAME=SHUBHAM
OS=Windows_NT
PROCESSOR_IDENTIFIER=x86 Family 6 Model 23 Stepping 10, GenuineIntel



---------------  S Y S T E M  ---------------

OS: Windows 7 Build 7601 Service Pack 1

CPU:total 2 (2 cores per cpu, 1 threads per core) family 6 model 23 stepping 10, cmov, cx8, fxsr, mmx, sse, sse2, sse3, ssse3, tsc

Memory: 4k page, physical 2061560k(430840k free), swap 4123120k(1837056k free)

vm_info: Java HotSpot(TM) Client VM (24.76-b04) for windows-x86 JRE (1.7.0_76-b13), built on Dec 18 2014 17:07:28 by "java_re" with unknown MS VC++:1600

time: Fri May 29 17:27:06 2020
elapsed time: 0 seconds

